2023-12-12 09:35:16.410  INFO 32920 --- [main] b.c.k.KafkaproducerApplication           : Starting KafkaproducerApplication using Java 1.8.0_202 on caad-001649 with PID 32920 (C:\Users\kaad-001649\Documents\projetos\kafkaproduces\target\classes started by kaad-001649 in C:\Users\kaad-001649\Documents\projetos\kafkaproduces)
2023-12-12 09:35:16.424  INFO 32920 --- [main] b.c.k.KafkaproducerApplication           : No active profile set, falling back to default profiles: default
2023-12-12 09:35:17.121  WARN 32920 --- [main] ConfigServletWebServerApplicationContext : Exception encountered during context initialization - cancelling refresh attempt: org.springframework.beans.factory.support.BeanDefinitionOverrideException: Invalid bean definition with name 'producerFactory' defined in br.com.kafkaproducer.KafkaproducerApplication: Cannot register bean definition [Root bean: class [null]; scope=; abstract=false; lazyInit=null; autowireMode=3; dependencyCheck=0; autowireCandidate=true; primary=false; factoryBeanName=kafkaproducerApplication; factoryMethodName=producerFactory; initMethodName=null; destroyMethodName=(inferred); defined in br.com.kafkaproducer.KafkaproducerApplication] for bean 'producerFactory': There is already [Root bean: class [null]; scope=; abstract=false; lazyInit=null; autowireMode=3; dependencyCheck=0; autowireCandidate=true; primary=false; factoryBeanName=br.com.kafkaproducer.config.KakaConfig$SenderConfig; factoryMethodName=producerFactory; initMethodName=null; destroyMethodName=(inferred); defined in class path resource [br/com/kafkaproducer/config/KakaConfig$SenderConfig.class]] bound.
2023-12-12 09:35:17.144  INFO 32920 --- [main] ConditionEvaluationReportLoggingListener : 

Error starting ApplicationContext. To display the conditions report re-run your application with 'debug' enabled.
2023-12-12 09:35:17.181 ERROR 32920 --- [main] o.s.b.d.LoggingFailureAnalysisReporter   : 

***************************
APPLICATION FAILED TO START
***************************

Description:

The bean 'producerFactory', defined in br.com.kafkaproducer.KafkaproducerApplication, could not be registered. A bean with that name has already been defined in class path resource [br/com/kafkaproducer/config/KakaConfig$SenderConfig.class] and overriding is disabled.

Action:

Consider renaming one of the beans or enabling overriding by setting spring.main.allow-bean-definition-overriding=true

2023-12-12 09:36:04.249  INFO 27876 --- [main] b.c.k.KafkaproducerApplication           : Starting KafkaproducerApplication using Java 1.8.0_202 on caad-001649 with PID 27876 (C:\Users\kaad-001649\Documents\projetos\kafkaproduces\target\classes started by kaad-001649 in C:\Users\kaad-001649\Documents\projetos\kafkaproduces)
2023-12-12 09:36:04.254  INFO 27876 --- [main] b.c.k.KafkaproducerApplication           : No active profile set, falling back to default profiles: default
2023-12-12 09:36:04.826  WARN 27876 --- [main] ConfigServletWebServerApplicationContext : Exception encountered during context initialization - cancelling refresh attempt: org.springframework.beans.factory.support.BeanDefinitionOverrideException: Invalid bean definition with name 'producerFactory' defined in br.com.kafkaproducer.KafkaproducerApplication: Cannot register bean definition [Root bean: class [null]; scope=; abstract=false; lazyInit=null; autowireMode=3; dependencyCheck=0; autowireCandidate=true; primary=false; factoryBeanName=kafkaproducerApplication; factoryMethodName=producerFactory; initMethodName=null; destroyMethodName=(inferred); defined in br.com.kafkaproducer.KafkaproducerApplication] for bean 'producerFactory': There is already [Root bean: class [null]; scope=; abstract=false; lazyInit=null; autowireMode=3; dependencyCheck=0; autowireCandidate=true; primary=false; factoryBeanName=br.com.kafkaproducer.config.KakaConfig$SenderConfig; factoryMethodName=producerFactory; initMethodName=null; destroyMethodName=(inferred); defined in class path resource [br/com/kafkaproducer/config/KakaConfig$SenderConfig.class]] bound.
2023-12-12 09:36:04.904  INFO 27876 --- [main] ConditionEvaluationReportLoggingListener : 

Error starting ApplicationContext. To display the conditions report re-run your application with 'debug' enabled.
2023-12-12 09:36:04.934 ERROR 27876 --- [main] o.s.b.d.LoggingFailureAnalysisReporter   : 

***************************
APPLICATION FAILED TO START
***************************

Description:

The bean 'producerFactory', defined in br.com.kafkaproducer.KafkaproducerApplication, could not be registered. A bean with that name has already been defined in class path resource [br/com/kafkaproducer/config/KakaConfig$SenderConfig.class] and overriding is disabled.

Action:

Consider renaming one of the beans or enabling overriding by setting spring.main.allow-bean-definition-overriding=true

2023-12-12 09:52:34.851  INFO 4188 --- [main] b.c.k.KafkaproducerApplication           : Starting KafkaproducerApplication using Java 1.8.0_202 on caad-001649 with PID 4188 (C:\Users\kaad-001649\Documents\projetos\kafkaproduces\target\classes started by kaad-001649 in C:\Users\kaad-001649\Documents\projetos\kafkaproduces)
2023-12-12 09:52:34.856  INFO 4188 --- [main] b.c.k.KafkaproducerApplication           : No active profile set, falling back to default profiles: default
2023-12-12 09:52:35.389  WARN 4188 --- [main] ConfigServletWebServerApplicationContext : Exception encountered during context initialization - cancelling refresh attempt: org.springframework.beans.factory.support.BeanDefinitionOverrideException: Invalid bean definition with name 'producerFactory' defined in br.com.kafkaproducer.KafkaproducerApplication: Cannot register bean definition [Root bean: class [null]; scope=; abstract=false; lazyInit=null; autowireMode=3; dependencyCheck=0; autowireCandidate=true; primary=false; factoryBeanName=kafkaproducerApplication; factoryMethodName=producerFactory; initMethodName=null; destroyMethodName=(inferred); defined in br.com.kafkaproducer.KafkaproducerApplication] for bean 'producerFactory': There is already [Root bean: class [null]; scope=; abstract=false; lazyInit=null; autowireMode=3; dependencyCheck=0; autowireCandidate=true; primary=false; factoryBeanName=br.com.kafkaproducer.config.KakaConfig$SenderConfig; factoryMethodName=producerFactory; initMethodName=null; destroyMethodName=(inferred); defined in class path resource [br/com/kafkaproducer/config/KakaConfig$SenderConfig.class]] bound.
2023-12-12 09:52:35.458  INFO 4188 --- [main] ConditionEvaluationReportLoggingListener : 

Error starting ApplicationContext. To display the conditions report re-run your application with 'debug' enabled.
2023-12-12 09:52:35.480 ERROR 4188 --- [main] o.s.b.d.LoggingFailureAnalysisReporter   : 

***************************
APPLICATION FAILED TO START
***************************

Description:

The bean 'producerFactory', defined in br.com.kafkaproducer.KafkaproducerApplication, could not be registered. A bean with that name has already been defined in class path resource [br/com/kafkaproducer/config/KakaConfig$SenderConfig.class] and overriding is disabled.

Action:

Consider renaming one of the beans or enabling overriding by setting spring.main.allow-bean-definition-overriding=true

2023-12-12 10:00:07.863  INFO 14152 --- [main] b.c.k.KafkaproducerApplication           : Starting KafkaproducerApplication using Java 1.8.0_202 on caad-001649 with PID 14152 (C:\Users\kaad-001649\Documents\projetos\kafkaproduces\target\classes started by kaad-001649 in C:\Users\kaad-001649\Documents\projetos\kafkaproduces)
2023-12-12 10:00:07.869  INFO 14152 --- [main] b.c.k.KafkaproducerApplication           : No active profile set, falling back to default profiles: default
2023-12-12 10:00:09.878  INFO 14152 --- [main] o.s.b.w.embedded.tomcat.TomcatWebServer  : Tomcat initialized with port(s): 9007 (http)
2023-12-12 10:00:09.898  INFO 14152 --- [main] o.apache.catalina.core.StandardService   : Starting service [Tomcat]
2023-12-12 10:00:09.899  INFO 14152 --- [main] org.apache.catalina.core.StandardEngine  : Starting Servlet engine: [Apache Tomcat/9.0.52]
2023-12-12 10:00:09.993  INFO 14152 --- [main] o.a.c.c.C.[Tomcat].[localhost].[/]       : Initializing Spring embedded WebApplicationContext
2023-12-12 10:00:09.994  INFO 14152 --- [main] w.s.c.ServletWebServerApplicationContext : Root WebApplicationContext: initialization completed in 1980 ms
2023-12-12 10:00:10.822  INFO 14152 --- [main] o.s.b.w.embedded.tomcat.TomcatWebServer  : Tomcat started on port(s): 9007 (http) with context path ''
2023-12-12 10:00:10.839  INFO 14152 --- [main] b.c.k.KafkaproducerApplication           : Started KafkaproducerApplication in 3.556 seconds (JVM running for 4.133)
2023-12-12 10:11:57.223  INFO 30412 --- [main] b.c.k.KafkaproducerApplication           : Starting KafkaproducerApplication using Java 1.8.0_202 on caad-001649 with PID 30412 (C:\Users\kaad-001649\Documents\projetos\kafkaproduces\target\classes started by kaad-001649 in C:\Users\kaad-001649\Documents\projetos\kafkaproduces)
2023-12-12 10:11:57.227  INFO 30412 --- [main] b.c.k.KafkaproducerApplication           : No active profile set, falling back to default profiles: default
2023-12-12 10:11:59.550  INFO 30412 --- [main] o.s.b.w.embedded.tomcat.TomcatWebServer  : Tomcat initialized with port(s): 9007 (http)
2023-12-12 10:11:59.573  INFO 30412 --- [main] o.apache.catalina.core.StandardService   : Starting service [Tomcat]
2023-12-12 10:11:59.574  INFO 30412 --- [main] org.apache.catalina.core.StandardEngine  : Starting Servlet engine: [Apache Tomcat/9.0.52]
2023-12-12 10:11:59.680  INFO 30412 --- [main] o.a.c.c.C.[Tomcat].[localhost].[/]       : Initializing Spring embedded WebApplicationContext
2023-12-12 10:11:59.680  INFO 30412 --- [main] w.s.c.ServletWebServerApplicationContext : Root WebApplicationContext: initialization completed in 2364 ms
2023-12-12 10:12:00.683  WARN 30412 --- [main] ConfigServletWebServerApplicationContext : Exception encountered during context initialization - cancelling refresh attempt: org.springframework.context.ApplicationContextException: Failed to start bean 'webServerStartStop'; nested exception is org.springframework.boot.web.server.PortInUseException: Port 9007 is already in use
2023-12-12 10:12:00.696  INFO 30412 --- [main] o.apache.catalina.core.StandardService   : Stopping service [Tomcat]
2023-12-12 10:12:00.774  INFO 30412 --- [main] ConditionEvaluationReportLoggingListener : 

Error starting ApplicationContext. To display the conditions report re-run your application with 'debug' enabled.
2023-12-12 10:12:00.812 ERROR 30412 --- [main] o.s.b.d.LoggingFailureAnalysisReporter   : 

***************************
APPLICATION FAILED TO START
***************************

Description:

Web server failed to start. Port 9007 was already in use.

Action:

Identify and stop the process that's listening on port 9007 or configure this application to listen on another port.

2023-12-12 10:12:42.758  INFO 9948 --- [main] b.c.k.KafkaproducerApplication           : Starting KafkaproducerApplication using Java 1.8.0_202 on caad-001649 with PID 9948 (C:\Users\kaad-001649\Documents\projetos\kafkaproduces\target\classes started by kaad-001649 in C:\Users\kaad-001649\Documents\projetos\kafkaproduces)
2023-12-12 10:12:42.763  INFO 9948 --- [main] b.c.k.KafkaproducerApplication           : No active profile set, falling back to default profiles: default
2023-12-12 10:12:44.896  INFO 9948 --- [main] o.s.b.w.embedded.tomcat.TomcatWebServer  : Tomcat initialized with port(s): 9009 (http)
2023-12-12 10:12:44.912  INFO 9948 --- [main] o.apache.catalina.core.StandardService   : Starting service [Tomcat]
2023-12-12 10:12:44.912  INFO 9948 --- [main] org.apache.catalina.core.StandardEngine  : Starting Servlet engine: [Apache Tomcat/9.0.52]
2023-12-12 10:12:45.018  INFO 9948 --- [main] o.a.c.c.C.[Tomcat].[localhost].[/]       : Initializing Spring embedded WebApplicationContext
2023-12-12 10:12:45.018  INFO 9948 --- [main] w.s.c.ServletWebServerApplicationContext : Root WebApplicationContext: initialization completed in 2154 ms
2023-12-12 10:12:46.127  INFO 9948 --- [main] o.s.b.w.embedded.tomcat.TomcatWebServer  : Tomcat started on port(s): 9009 (http) with context path ''
2023-12-12 10:12:46.165  INFO 9948 --- [main] b.c.k.KafkaproducerApplication           : Started KafkaproducerApplication in 4.176 seconds (JVM running for 4.713)
2023-12-12 10:13:43.308  INFO 3668 --- [main] b.c.k.KafkaproducerApplication           : Starting KafkaproducerApplication using Java 1.8.0_202 on caad-001649 with PID 3668 (C:\Users\kaad-001649\Documents\projetos\kafkaproduces\target\classes started by kaad-001649 in C:\Users\kaad-001649\Documents\projetos\kafkaproduces)
2023-12-12 10:13:43.312  INFO 3668 --- [main] b.c.k.KafkaproducerApplication           : No active profile set, falling back to default profiles: default
2023-12-12 10:13:45.793  INFO 3668 --- [main] o.s.b.w.embedded.tomcat.TomcatWebServer  : Tomcat initialized with port(s): 9009 (http)
2023-12-12 10:13:45.814  INFO 3668 --- [main] o.apache.catalina.core.StandardService   : Starting service [Tomcat]
2023-12-12 10:13:45.815  INFO 3668 --- [main] org.apache.catalina.core.StandardEngine  : Starting Servlet engine: [Apache Tomcat/9.0.52]
2023-12-12 10:13:45.945  INFO 3668 --- [main] o.a.c.c.C.[Tomcat].[localhost].[/]       : Initializing Spring embedded WebApplicationContext
2023-12-12 10:13:45.946  INFO 3668 --- [main] w.s.c.ServletWebServerApplicationContext : Root WebApplicationContext: initialization completed in 2516 ms
2023-12-12 10:13:47.136  INFO 3668 --- [main] o.s.b.w.embedded.tomcat.TomcatWebServer  : Tomcat started on port(s): 9009 (http) with context path ''
2023-12-12 10:13:47.156  INFO 3668 --- [main] b.c.k.KafkaproducerApplication           : Started KafkaproducerApplication in 4.567 seconds (JVM running for 5.115)
2023-12-12 10:21:05.109  INFO 32604 --- [main] b.c.k.KafkaproducerApplication           : Starting KafkaproducerApplication using Java 1.8.0_202 on caad-001649 with PID 32604 (C:\Users\kaad-001649\Documents\projetos\kafkaproduces\target\classes started by kaad-001649 in C:\Users\kaad-001649\Documents\projetos\kafkaproduces)
2023-12-12 10:21:05.113  INFO 32604 --- [main] b.c.k.KafkaproducerApplication           : No active profile set, falling back to default profiles: default
2023-12-12 10:21:06.871  INFO 32604 --- [main] o.s.b.w.embedded.tomcat.TomcatWebServer  : Tomcat initialized with port(s): 9009 (http)
2023-12-12 10:21:06.888  INFO 32604 --- [main] o.apache.catalina.core.StandardService   : Starting service [Tomcat]
2023-12-12 10:21:06.889  INFO 32604 --- [main] org.apache.catalina.core.StandardEngine  : Starting Servlet engine: [Apache Tomcat/9.0.52]
2023-12-12 10:21:06.981  INFO 32604 --- [main] o.a.c.c.C.[Tomcat].[localhost].[/]       : Initializing Spring embedded WebApplicationContext
2023-12-12 10:21:06.982  INFO 32604 --- [main] w.s.c.ServletWebServerApplicationContext : Root WebApplicationContext: initialization completed in 1790 ms
2023-12-12 10:21:07.827  INFO 32604 --- [main] o.s.b.w.embedded.tomcat.TomcatWebServer  : Tomcat started on port(s): 9009 (http) with context path ''
2023-12-12 10:21:07.843  INFO 32604 --- [main] b.c.k.KafkaproducerApplication           : Started KafkaproducerApplication in 3.253 seconds (JVM running for 3.748)
2023-12-12 10:30:18.018  INFO 10320 --- [main] b.c.k.KafkaproducerApplication           : Starting KafkaproducerApplication using Java 1.8.0_202 on caad-001649 with PID 10320 (C:\Users\kaad-001649\Documents\projetos\kafkaproduces\target\classes started by kaad-001649 in C:\Users\kaad-001649\Documents\projetos\kafkaproduces)
2023-12-12 10:30:18.022  INFO 10320 --- [main] b.c.k.KafkaproducerApplication           : No active profile set, falling back to default profiles: default
2023-12-12 10:30:19.999  INFO 10320 --- [main] o.s.b.w.embedded.tomcat.TomcatWebServer  : Tomcat initialized with port(s): 9009 (http)
2023-12-12 10:30:20.021  INFO 10320 --- [main] o.apache.catalina.core.StandardService   : Starting service [Tomcat]
2023-12-12 10:30:20.022  INFO 10320 --- [main] org.apache.catalina.core.StandardEngine  : Starting Servlet engine: [Apache Tomcat/9.0.52]
2023-12-12 10:30:20.144  INFO 10320 --- [main] o.a.c.c.C.[Tomcat].[localhost].[/]       : Initializing Spring embedded WebApplicationContext
2023-12-12 10:30:20.145  INFO 10320 --- [main] w.s.c.ServletWebServerApplicationContext : Root WebApplicationContext: initialization completed in 2021 ms
2023-12-12 10:30:21.160  INFO 10320 --- [main] o.s.b.w.embedded.tomcat.TomcatWebServer  : Tomcat started on port(s): 9009 (http) with context path ''
2023-12-12 10:30:21.178  INFO 10320 --- [main] b.c.k.KafkaproducerApplication           : Started KafkaproducerApplication in 3.768 seconds (JVM running for 4.283)
